<?xml version="1.0" encoding="UTF-8"?>
<!-- Generated by org.testng.reporters.JUnitReportReporter -->
<testsuite skipped="0" hostname="TriptaQA" name="MobileDefender_Demo.tecstub.Product" tests="1" failures="0" timestamp="2020-03-16T15:15:19 IST" time="87.984" errors="0">
  <testcase name="BuyProduct" time="87.984" classname="MobileDefender_Demo.tecstub.Product"/>
  <system-out/>
</testsuite> <!-- MobileDefender_Demo.tecstub.Product -->
