<?xml version="1.0" encoding="UTF-8"?>
<!-- Generated by org.testng.reporters.JUnitReportReporter -->
<testsuite skipped="0" hostname="TriptaQA" name="MobileDefender_Demo.tecstub.Validation" tests="1" failures="0" timestamp="2020-03-16T16:23:20 IST" time="33.904" errors="0">
  <testcase name="verifyElemntsOnPageTest" time="33.904" classname="MobileDefender_Demo.tecstub.Validation"/>
  <system-out/>
</testsuite> <!-- MobileDefender_Demo.tecstub.Validation -->
