<?xml version="1.0" encoding="UTF-8"?>
<!-- Generated by org.testng.reporters.JUnitReportReporter -->
<testsuite skipped="0" hostname="TriptaQA" name="MobileDefender_Demo.tecstub.SignIn" tests="1" failures="0" timestamp="2020-03-16T15:28:34 IST" time="54.846" errors="0">
  <testcase name="TestSignIn" time="54.846" classname="MobileDefender_Demo.tecstub.SignIn"/>
  <system-out/>
</testsuite> <!-- MobileDefender_Demo.tecstub.SignIn -->
