<?xml version="1.0" encoding="UTF-8"?>
<!-- Generated by org.testng.reporters.JUnitReportReporter -->
<testsuite skipped="0" hostname="TriptaQA" name="MobileDefender_Demo.tecstub.SingUp" tests="1" failures="0" timestamp="2020-03-16T12:58:23 IST" time="71.371" errors="0">
  <testcase name="TestSignup" time="71.371" classname="MobileDefender_Demo.tecstub.SingUp"/>
  <system-out/>
</testsuite> <!-- MobileDefender_Demo.tecstub.SingUp -->
